#
# There is insufficient memory for the Java Runtime Environment to continue.
# Native memory allocation (malloc) failed to allocate 1345584 bytes for Chunk::new
# Possible reasons:
#   The system is out of physical RAM or swap space
#   The process is running with CompressedOops enabled, and the Java Heap may be blocking the growth of the native heap
# Possible solutions:
#   Reduce memory load on the system
#   Increase physical memory or swap space
#   Check if swap backing store is full
#   Decrease Java heap size (-Xmx/-Xms)
#   Decrease number of Java threads
#   Decrease Java thread stack sizes (-Xss)
#   Set larger code cache with -XX:ReservedCodeCacheSize=
#   JVM is running with Unscaled Compressed Oops mode in which the Java heap is
#     placed in the first 4GB address space. The Java Heap base address is the
#     maximum limit for the native heap growth. Please use -XX:HeapBaseMinAddress
#     to set the Java Heap base and to place the Java Heap above 4GB virtual address.
# This output file may be truncated or incomplete.
#
#  Out of Memory Error (allocation.cpp:389), pid=23716, tid=0x0000000000000c30
#
# JRE version: Java(TM) SE Runtime Environment (8.0_221-b11) (build 1.8.0_221-b11)
# Java VM: Java HotSpot(TM) 64-Bit Server VM (25.221-b11 mixed mode windows-amd64 compressed oops)
# Failed to write core dump. Minidumps are not enabled by default on client versions of Windows
#

---------------  T H R E A D  ---------------

Current thread (0x000000001a82b800):  JavaThread "C2 CompilerThread0" daemon [_thread_in_native, id=3120, stack(0x000000001ac10000,0x000000001ad10000)]

Stack: [0x000000001ac10000,0x000000001ad10000]
[error occurred during error reporting (printing stack bounds), id 0xc0000005]

Native frames: (J=compiled Java code, j=interpreted, Vv=VM code, C=native code)


Current CompileTask:
C2:  18690 5881       4       org.springframework.transaction.interceptor.TransactionAttributeSourcePointcut::matches (41 bytes)


---------------  P R O C E S S  ---------------

Java Threads: ( => current thread )
  0x000000001be8e800 JavaThread "spring.cloud.inetutils" daemon [_thread_blocked, id=10316, stack(0x0000000023e60000,0x0000000023f60000)]
  0x000000001be92800 JavaThread "mysql-cj-abandoned-connection-cleanup" daemon [_thread_blocked, id=7608, stack(0x0000000027df0000,0x0000000027ef0000)]
  0x000000001be8e000 JavaThread "Tomcat JDBC Pool Cleaner[414493378:1590477685055]" daemon [_thread_blocked, id=21524, stack(0x0000000027bf0000,0x0000000027cf0000)]
  0x000000001be91800 JavaThread "container-0" [_thread_blocked, id=31368, stack(0x0000000021770000,0x0000000021870000)]
  0x000000001be8d000 JavaThread "ContainerBackgroundProcessor[StandardEngine[Tomcat]]" daemon [_thread_blocked, id=23984, stack(0x0000000020060000,0x0000000020160000)]
  0x000000001be94000 JavaThread "localhost-startStop-1" daemon [_thread_blocked, id=33456, stack(0x0000000021670000,0x0000000021770000)]
  0x000000001be90000 JavaThread "Tomcat-startStop-1" daemon [_thread_blocked, id=7928, stack(0x0000000021570000,0x0000000021670000)]
  0x000000001a8c8800 JavaThread "Service Thread" daemon [_thread_blocked, id=19752, stack(0x000000001b010000,0x000000001b110000)]
  0x000000001a83b000 JavaThread "C1 CompilerThread3" daemon [_thread_blocked, id=31316, stack(0x000000001af10000,0x000000001b010000)]
  0x000000001a77f800 JavaThread "C2 CompilerThread2" daemon [_thread_in_native, id=16628, stack(0x000000001ae10000,0x000000001af10000)]
  0x000000001a77f000 JavaThread "C2 CompilerThread1" daemon [_thread_in_native, id=28528, stack(0x000000001ad10000,0x000000001ae10000)]
=>0x000000001a82b800 JavaThread "C2 CompilerThread0" daemon [_thread_in_native, id=3120, stack(0x000000001ac10000,0x000000001ad10000)]
  0x00000000199c2000 JavaThread "JDWP Command Reader" daemon [_thread_in_native, id=29420, stack(0x000000001a310000,0x000000001a410000)]
  0x00000000199bb000 JavaThread "JDWP Event Helper Thread" daemon [_thread_blocked, id=17844, stack(0x000000001a210000,0x000000001a310000)]
  0x00000000199b0000 JavaThread "JDWP Transport Listener: dt_socket" daemon [_thread_blocked, id=32968, stack(0x000000001a110000,0x000000001a210000)]
  0x00000000199a5800 JavaThread "Attach Listener" daemon [_thread_blocked, id=34436, stack(0x000000001a010000,0x000000001a110000)]
  0x00000000199a4800 JavaThread "Signal Dispatcher" daemon [_thread_blocked, id=28156, stack(0x0000000019f10000,0x000000001a010000)]
  0x0000000019930800 JavaThread "Finalizer" daemon [_thread_blocked, id=25088, stack(0x0000000019d10000,0x0000000019e10000)]
  0x0000000017a3f800 JavaThread "Reference Handler" daemon [_thread_blocked, id=19532, stack(0x0000000019810000,0x0000000019910000)]
  0x000000000291b000 JavaThread "main" [_thread_in_native, id=23732, stack(0x00000000027b0000,0x00000000028b0000)]

Other Threads:
  0x0000000017a37800 VMThread [stack: 0x0000000019710000,0x0000000019810000] [id=32612]
  0x000000001a96a000 WatcherThread [stack: 0x000000001b110000,0x000000001b210000] [id=30696]

VM state:not at safepoint (normal execution)

VM Mutex/Monitor currently owned by a thread: None

heap address: 0x0000000082800000, size: 2008 MB, Compressed Oops mode: 32-bit
Narrow klass base: 0x0000000000000000, Narrow klass shift: 3
Compressed class space size: 1073741824 Address: 0x0000000100000000

Heap:
 PSYoungGen      total 208384K, used 76427K [0x00000000d6300000, 0x00000000e4680000, 0x0000000100000000)
  eden space 196096K, 32% used [0x00000000d6300000,0x00000000da1a3108,0x00000000e2280000)
  from space 12288K, 99% used [0x00000000e2f00000,0x00000000e3affaf8,0x00000000e3b00000)
  to   space 12800K, 0% used [0x00000000e2280000,0x00000000e2280000,0x00000000e2f00000)
 ParOldGen       total 102400K, used 24239K [0x0000000082800000, 0x0000000088c00000, 0x00000000d6300000)
  object space 102400K, 23% used [0x0000000082800000,0x0000000083fabd28,0x0000000088c00000)
 Metaspace       used 50765K, capacity 51396K, committed 51752K, reserved 1093632K
  class space    used 6426K, capacity 6586K, committed 6696K, reserved 1048576K

Card table byte_map: [0x0000000011f10000,0x0000000012300000] byte_map_base: 0x0000000011afc000

Marking Bits: (ParMarkBitMap*) 0x0000000071525ce0
 Begin Bits: [0x0000000012da0000, 0x0000000014d00000)
 End Bits:   [0x0000000014d00000, 0x0000000016c60000)

Polling page: 0x00000000006a0000

CodeCache: size=245760Kb used=23921Kb max_used=23921Kb free=221839Kb
 bounds [0x0000000002b50000, 0x00000000042d0000, 0x0000000011b50000]
 total_blobs=5635 nmethods=5123 adapters=432
 compilation: enabled

Compilation events (10 events):
Event: 18.484 Thread 0x000000001a83b000 5914       3       org.hibernate.validator.internal.metadata.aggregated.ReturnValueMetaData::<init> (110 bytes)
Event: 18.485 Thread 0x000000001a83b000 nmethod 5914 0x00000000042b8c10 code [0x00000000042b8f40, 0x00000000042ba8c8]
Event: 18.485 Thread 0x000000001a83b000 5910       3       java.lang.AbstractStringBuilder::appendNull (56 bytes)
Event: 18.486 Thread 0x000000001a83b000 nmethod 5910 0x00000000042bbc90 code [0x00000000042bbe40, 0x00000000042bc3f8]
Event: 18.486 Thread 0x000000001a83b000 5915   !   3       org.springframework.beans.factory.support.DefaultSingletonBeanRegistry::getSingleton (309 bytes)
Event: 18.488 Thread 0x000000001a83b000 nmethod 5915 0x00000000042bc710 code [0x00000000042bcae0, 0x00000000042bede8]
Event: 18.503 Thread 0x000000001a83b000 5916       3       org.springframework.beans.factory.annotation.QualifierAnnotationAutowireCandidateResolver::isQualifier (52 bytes)
Event: 18.504 Thread 0x000000001a83b000 nmethod 5916 0x00000000042c05d0 code [0x00000000042c0800, 0x00000000042c1458]
Event: 18.505 Thread 0x000000001a83b000 5917       3       org.springframework.cglib.core.AbstractClassGenerator::setClassLoader (6 bytes)
Event: 18.506 Thread 0x000000001a83b000 nmethod 5917 0x00000000042c1ad0 code [0x00000000042c1c20, 0x00000000042c1d90]

GC Heap History (10 events):
Event: 10.205 GC heap before
{Heap before GC invocations=14 (full 1):
 PSYoungGen      total 164352K, used 83185K [0x00000000d6300000, 0x00000000e1200000, 0x0000000100000000)
  eden space 155648K, 47% used [0x00000000d6300000,0x00000000dabbe900,0x00000000dfb00000)
  from space 8704K, 99% used [0x00000000e0600000,0x00000000e0e7dcf0,0x00000000e0e80000)
  to   space 11264K, 0% used [0x00000000dfb00000,0x00000000dfb00000,0x00000000e0600000)
 ParOldGen       total 58368K, used 18575K [0x0000000082800000, 0x0000000086100000, 0x00000000d6300000)
  object space 58368K, 31% used [0x0000000082800000,0x0000000083a23e38,0x0000000086100000)
 Metaspace       used 34953K, capacity 35284K, committed 35496K, reserved 1081344K
  class space    used 4317K, capacity 4423K, committed 4520K, reserved 1048576K
Event: 10.218 GC heap after
Heap after GC invocations=14 (full 1):
 PSYoungGen      total 166912K, used 10180K [0x00000000d6300000, 0x00000000e3b00000, 0x0000000100000000)
  eden space 155648K, 0% used [0x00000000d6300000,0x00000000d6300000,0x00000000dfb00000)
  from space 11264K, 90% used [0x00000000dfb00000,0x00000000e04f12a8,0x00000000e0600000)
  to   space 12288K, 0% used [0x00000000e2f00000,0x00000000e2f00000,0x00000000e3b00000)
 ParOldGen       total 58368K, used 19575K [0x0000000082800000, 0x0000000086100000, 0x00000000d6300000)
  object space 58368K, 33% used [0x0000000082800000,0x0000000083b1de38,0x0000000086100000)
 Metaspace       used 34953K, capacity 35284K, committed 35496K, reserved 1081344K
  class space    used 4317K, capacity 4423K, committed 4520K, reserved 1048576K
}
Event: 10.218 GC heap before
{Heap before GC invocations=15 (full 2):
 PSYoungGen      total 166912K, used 10180K [0x00000000d6300000, 0x00000000e3b00000, 0x0000000100000000)
  eden space 155648K, 0% used [0x00000000d6300000,0x00000000d6300000,0x00000000dfb00000)
  from space 11264K, 90% used [0x00000000dfb00000,0x00000000e04f12a8,0x00000000e0600000)
  to   space 12288K, 0% used [0x00000000e2f00000,0x00000000e2f00000,0x00000000e3b00000)
 ParOldGen       total 58368K, used 19575K [0x0000000082800000, 0x0000000086100000, 0x00000000d6300000)
  object space 58368K, 33% used [0x0000000082800000,0x0000000083b1de38,0x0000000086100000)
 Metaspace       used 34953K, capacity 35284K, committed 35496K, reserved 1081344K
  class space    used 4317K, capacity 4423K, committed 4520K, reserved 1048576K
Event: 10.308 GC heap after
Heap after GC invocations=15 (full 2):
 PSYoungGen      total 166912K, used 0K [0x00000000d6300000, 0x00000000e3b00000, 0x0000000100000000)
  eden space 155648K, 0% used [0x00000000d6300000,0x00000000d6300000,0x00000000dfb00000)
  from space 11264K, 0% used [0x00000000dfb00000,0x00000000dfb00000,0x00000000e0600000)
  to   space 12288K, 0% used [0x00000000e2f00000,0x00000000e2f00000,0x00000000e3b00000)
 ParOldGen       total 102400K, used 21722K [0x0000000082800000, 0x0000000088c00000, 0x00000000d6300000)
  object space 102400K, 21% used [0x0000000082800000,0x0000000083d36be0,0x0000000088c00000)
 Metaspace       used 34953K, capacity 35284K, committed 35496K, reserved 1081344K
  class space    used 4317K, capacity 4423K, committed 4520K, reserved 1048576K
}
Event: 12.948 GC heap before
{Heap before GC invocations=16 (full 2):
 PSYoungGen      total 166912K, used 155648K [0x00000000d6300000, 0x00000000e3b00000, 0x0000000100000000)
  eden space 155648K, 100% used [0x00000000d6300000,0x00000000dfb00000,0x00000000dfb00000)
  from space 11264K, 0% used [0x00000000dfb00000,0x00000000dfb00000,0x00000000e0600000)
  to   space 12288K, 0% used [0x00000000e2f00000,0x00000000e2f00000,0x00000000e3b00000)
 ParOldGen       total 102400K, used 21722K [0x0000000082800000, 0x0000000088c00000, 0x00000000d6300000)
  object space 102400K, 21% used [0x0000000082800000,0x0000000083d36be0,0x0000000088c00000)
 Metaspace       used 41584K, capacity 42092K, committed 42408K, reserved 1087488K
  class space    used 5100K, capacity 5228K, committed 5288K, reserved 1048576K
Event: 13.058 GC heap after
Heap after GC invocations=16 (full 2):
 PSYoungGen      total 208384K, used 9411K [0x00000000d6300000, 0x00000000e4680000, 0x0000000100000000)
  eden space 196096K, 0% used [0x00000000d6300000,0x00000000d6300000,0x00000000e2280000)
  from space 12288K, 76% used [0x00000000e2f00000,0x00000000e3830f20,0x00000000e3b00000)
  to   space 12800K, 0% used [0x00000000e2280000,0x00000000e2280000,0x00000000e2f00000)
 ParOldGen       total 102400K, used 21730K [0x0000000082800000, 0x0000000088c00000, 0x00000000d6300000)
  object space 102400K, 21% used [0x0000000082800000,0x0000000083d38be0,0x0000000088c00000)
 Metaspace       used 41584K, capacity 42092K, committed 42408K, reserved 1087488K
  class space    used 5100K, capacity 5228K, committed 5288K, reserved 1048576K
}
Event: 14.895 GC heap before
{Heap before GC invocations=17 (full 2):
 PSYoungGen      total 208384K, used 205507K [0x00000000d6300000, 0x00000000e4680000, 0x0000000100000000)
  eden space 196096K, 100% used [0x00000000d6300000,0x00000000e2280000,0x00000000e2280000)
  from space 12288K, 76% used [0x00000000e2f00000,0x00000000e3830f20,0x00000000e3b00000)
  to   space 12800K, 0% used [0x00000000e2280000,0x00000000e2280000,0x00000000e2f00000)
 ParOldGen       total 102400K, used 21730K [0x0000000082800000, 0x0000000088c00000, 0x00000000d6300000)
  object space 102400K, 21% used [0x0000000082800000,0x0000000083d38be0,0x0000000088c00000)
 Metaspace       used 47227K, capacity 47780K, committed 48168K, reserved 1091584K
  class space    used 5960K, capacity 6096K, committed 6184K, reserved 1048576K
Event: 14.929 GC heap after
Heap after GC invocations=17 (full 2):
 PSYoungGen      total 208896K, used 12774K [0x00000000d6300000, 0x00000000e4680000, 0x0000000100000000)
  eden space 196096K, 0% used [0x00000000d6300000,0x00000000d6300000,0x00000000e2280000)
  from space 12800K, 99% used [0x00000000e2280000,0x00000000e2ef9ad0,0x00000000e2f00000)
  to   space 12288K, 0% used [0x00000000e2f00000,0x00000000e2f00000,0x00000000e3b00000)
 ParOldGen       total 102400K, used 21746K [0x0000000082800000, 0x0000000088c00000, 0x00000000d6300000)
  object space 102400K, 21% used [0x0000000082800000,0x0000000083d3cbe0,0x0000000088c00000)
 Metaspace       used 47227K, capacity 47780K, committed 48168K, reserved 1091584K
  class space    used 5960K, capacity 6096K, committed 6184K, reserved 1048576K
}
Event: 16.858 GC heap before
{Heap before GC invocations=18 (full 2):
 PSYoungGen      total 208896K, used 208870K [0x00000000d6300000, 0x00000000e4680000, 0x0000000100000000)
  eden space 196096K, 100% used [0x00000000d6300000,0x00000000e2280000,0x00000000e2280000)
  from space 12800K, 99% used [0x00000000e2280000,0x00000000e2ef9ad0,0x00000000e2f00000)
  to   space 12288K, 0% used [0x00000000e2f00000,0x00000000e2f00000,0x00000000e3b00000)
 ParOldGen       total 102400K, used 21746K [0x0000000082800000, 0x0000000088c00000, 0x00000000d6300000)
  object space 102400K, 21% used [0x0000000082800000,0x0000000083d3cbe0,0x0000000088c00000)
 Metaspace       used 50208K, capacity 50740K, committed 51112K, reserved 1093632K
  class space    used 6370K, capacity 6520K, committed 6568K, reserved 1048576K
Event: 16.878 GC heap after
Heap after GC invocations=18 (full 2):
 PSYoungGen      total 208384K, used 12286K [0x00000000d6300000, 0x00000000e4680000, 0x0000000100000000)
  eden space 196096K, 0% used [0x00000000d6300000,0x00000000d6300000,0x00000000e2280000)
  from space 12288K, 99% used [0x00000000e2f00000,0x00000000e3affaf8,0x00000000e3b00000)
  to   space 12800K, 0% used [0x00000000e2280000,0x00000000e2280000,0x00000000e2f00000)
 ParOldGen       total 102400K, used 24239K [0x0000000082800000, 0x0000000088c00000, 0x00000000d6300000)
  object space 102400K, 23% used [0x0000000082800000,0x0000000083fabd28,0x0000000088c00000)
 Metaspace       used 50208K, capacity 50740K, committed 51112K, reserved 1093632K
  class space    used 6370K, capacity 6520K, committed 6568K, reserved 1048576K
}

Deoptimization events (10 events):
Event: 18.500 Thread 0x000000000291b000 Uncommon trap: reason=unhandled action=none pc=0x0000000003949054 method=java.net.URLClassLoader.findClass(Ljava/lang/String;)Ljava/lang/Class; @ 44
Event: 18.501 Thread 0x000000000291b000 Uncommon trap: reason=unhandled action=none pc=0x0000000003949054 method=java.net.URLClassLoader.findClass(Ljava/lang/String;)Ljava/lang/Class; @ 44
Event: 18.501 Thread 0x000000000291b000 Uncommon trap: reason=unhandled action=none pc=0x0000000003949054 method=java.net.URLClassLoader.findClass(Ljava/lang/String;)Ljava/lang/Class; @ 44
Event: 18.504 Thread 0x000000000291b000 Uncommon trap: reason=unhandled action=none pc=0x0000000003e2f7e0 method=java.lang.Class.getMethod(Ljava/lang/String;[Ljava/lang/Class;)Ljava/lang/reflect/Method; @ 61
Event: 18.504 Thread 0x000000000291b000 Uncommon trap: reason=unhandled action=none pc=0x0000000003e2f7e0 method=java.lang.Class.getMethod(Ljava/lang/String;[Ljava/lang/Class;)Ljava/lang/reflect/Method; @ 61
Event: 18.504 Thread 0x000000000291b000 Uncommon trap: reason=unhandled action=none pc=0x0000000003e2f7e0 method=java.lang.Class.getMethod(Ljava/lang/String;[Ljava/lang/Class;)Ljava/lang/reflect/Method; @ 61
Event: 18.504 Thread 0x000000000291b000 Uncommon trap: reason=unhandled action=none pc=0x0000000003e2f7e0 method=java.lang.Class.getMethod(Ljava/lang/String;[Ljava/lang/Class;)Ljava/lang/reflect/Method; @ 61
Event: 18.504 Thread 0x000000000291b000 Uncommon trap: reason=unhandled action=none pc=0x0000000003e2f7e0 method=java.lang.Class.getMethod(Ljava/lang/String;[Ljava/lang/Class;)Ljava/lang/reflect/Method; @ 61
Event: 18.509 Thread 0x000000000291b000 Uncommon trap: reason=unhandled action=none pc=0x0000000003949054 method=java.net.URLClassLoader.findClass(Ljava/lang/String;)Ljava/lang/Class; @ 44
Event: 18.511 Thread 0x000000000291b000 Uncommon trap: reason=unhandled action=none pc=0x0000000003949054 method=java.net.URLClassLoader.findClass(Ljava/lang/String;)Ljava/lang/Class; @ 44

Classes redefined (0 events):
No events

Internal exceptions (10 events):
Event: 18.479 Thread 0x000000000291b000 Exception <a 'java/lang/ArrayIndexOutOfBoundsException': 5> (0x00000000d9cbd198) thrown at [C:\re\workspace\8-2-build-windows-amd64-cygwin\jdk8u221\13320\hotspot\src\share\vm\interpreter\interpreterRuntime.cpp, line 368]
Event: 18.487 Thread 0x000000000291b000 Exception <a 'java/lang/ClassNotFoundException': java/lang/ObjectCustomizer> (0x00000000d9d6bed8) thrown at [C:\re\workspace\8-2-build-windows-amd64-cygwin\jdk8u221\13320\hotspot\src\share\vm\classfile\systemDictionary.cpp, line 210]
Event: 18.489 Thread 0x000000000291b000 Exception <a 'java/lang/ClassNotFoundException': org/springframework/cloud/client/discovery/composite/CompositeDiscoveryClientAutoConfigurationCustomizer> (0x00000000d9dac2c8) thrown at [C:\re\workspace\8-2-build-windows-amd64-cygwin\jdk8u221\13320\hotspo
Event: 18.489 Thread 0x000000000291b000 Exception <a 'java/lang/ArrayIndexOutOfBoundsException': 159> (0x00000000d9dae6e0) thrown at [C:\re\workspace\8-2-build-windows-amd64-cygwin\jdk8u221\13320\hotspot\src\share\vm\interpreter\interpreterRuntime.cpp, line 368]
Event: 18.491 Thread 0x000000000291b000 Exception <a 'java/lang/ClassNotFoundException': org/springframework/cloud/client/discovery/composite/CompositeDiscoveryClientAutoConfiguration$$EnhancerBySpringCGLIB$$b3ccd110Customizer> (0x00000000d9dfbf20) thrown at [C:\re\workspace\8-2-build-windows-a
Event: 18.492 Thread 0x000000000291b000 Exception <a 'java/lang/ClassNotFoundException': org/springframework/context/annotation/ConfigurationClassEnhancer$EnhancedConfigurationCustomizer> (0x00000000d9e3c750) thrown at [C:\re\workspace\8-2-build-windows-amd64-cygwin\jdk8u221\13320\hotspot\src\s
Event: 18.497 Thread 0x000000000291b000 Exception <a 'java/lang/ClassNotFoundException': java/lang/ObjectCustomizer> (0x00000000d9e75198) thrown at [C:\re\workspace\8-2-build-windows-amd64-cygwin\jdk8u221\13320\hotspot\src\share\vm\classfile\systemDictionary.cpp, line 210]
Event: 18.498 Thread 0x000000000291b000 Exception <a 'java/lang/ClassNotFoundException': org/springframework/cloud/client/discovery/simple/SimpleDiscoveryClientAutoConfigurationCustomizer> (0x00000000d9eb2358) thrown at [C:\re\workspace\8-2-build-windows-amd64-cygwin\jdk8u221\13320\hotspot\src\
Event: 18.500 Thread 0x000000000291b000 Exception <a 'java/lang/ClassNotFoundException': org/springframework/cloud/client/discovery/simple/SimpleDiscoveryClientAutoConfiguration$$EnhancerBySpringCGLIB$$7ffb69deCustomizer> (0x00000000d9eff1a0) thrown at [C:\re\workspace\8-2-build-windows-amd64-c
Event: 18.501 Thread 0x000000000291b000 Exception <a 'java/lang/ClassNotFoundException': org/springframework/context/annotation/ConfigurationClassEnhancer$EnhancedConfigurationCustomizer> (0x00000000d9f413d8) thrown at [C:\re\workspace\8-2-build-windows-amd64-cygwin\jdk8u221\13320\hotspot\src\s

Events (10 events):
Event: 18.509 Thread 0x000000000291b000 DEOPT UNPACKING pc=0x0000000002b9583b sp=0x00000000028aacc8 mode 2
Event: 18.509 Thread 0x000000000291b000 DEOPT PACKING pc=0x0000000003e13fcc sp=0x00000000028aad70
Event: 18.509 Thread 0x000000000291b000 DEOPT UNPACKING pc=0x0000000002b97890 sp=0x00000000028aaa40 mode 1
Event: 18.510 loading class org/springframework/cloud/client/discovery/simple/SimpleDiscoveryProperties$SimpleServiceInstance
Event: 18.510 loading class org/springframework/cloud/client/discovery/simple/SimpleDiscoveryProperties$SimpleServiceInstance done
Event: 18.510 Thread 0x000000000291b000 Uncommon trap: trap_request=0xffffffa7 fr.pc=0x0000000003949054
Event: 18.511 Thread 0x000000000291b000 DEOPT PACKING pc=0x0000000003949054 sp=0x00000000028a94a0
Event: 18.511 Thread 0x000000000291b000 DEOPT UNPACKING pc=0x0000000002b9583b sp=0x00000000028a9438 mode 2
Event: 18.511 Thread 0x000000000291b000 DEOPT PACKING pc=0x0000000003e13fcc sp=0x00000000028a94e0
Event: 18.511 Thread 0x000000000291b000 DEOPT UNPACKING pc=0x0000000002b97890 sp=0x00000000028a91b0 mode 1


Dynamic libraries:
0x00007ff66f640000 - 0x00007ff66f677000 	C:\Program Files\Java\jre1.8.0_221\bin\javaw.exe
0x00007ffe2f300000 - 0x00007ffe2f4f0000 	C:\WINDOWS\SYSTEM32\ntdll.dll
0x00007ffe2dbd0000 - 0x00007ffe2dc82000 	C:\WINDOWS\System32\KERNEL32.DLL
0x00007ffe2c610000 - 0x00007ffe2c8b4000 	C:\WINDOWS\System32\KERNELBASE.dll
0x00007ffe2dc90000 - 0x00007ffe2dd33000 	C:\WINDOWS\System32\ADVAPI32.dll
0x00007ffe2e950000 - 0x00007ffe2e9ee000 	C:\WINDOWS\System32\msvcrt.dll
0x00007ffe2eb30000 - 0x00007ffe2ebc7000 	C:\WINDOWS\System32\sechost.dll
0x00007ffe2e6a0000 - 0x00007ffe2e7c0000 	C:\WINDOWS\System32\RPCRT4.dll
0x00007ffe2e430000 - 0x00007ffe2e5c4000 	C:\WINDOWS\System32\USER32.dll
0x00007ffe2c8c0000 - 0x00007ffe2c8e1000 	C:\WINDOWS\System32\win32u.dll
0x00007ffe2d440000 - 0x00007ffe2d466000 	C:\WINDOWS\System32\GDI32.dll
0x00007ffe2d090000 - 0x00007ffe2d224000 	C:\WINDOWS\System32\gdi32full.dll
0x00007ffe2c520000 - 0x00007ffe2c5be000 	C:\WINDOWS\System32\msvcp_win.dll
0x00007ffe2d2b0000 - 0x00007ffe2d3aa000 	C:\WINDOWS\System32\ucrtbase.dll
0x00007ffe17f40000 - 0x00007ffe181c4000 	C:\WINDOWS\WinSxS\amd64_microsoft.windows.common-controls_6595b64144ccf1df_6.0.18362.836_none_e6c4b943130f18ed\COMCTL32.dll
0x00007ffe2d7e0000 - 0x00007ffe2db16000 	C:\WINDOWS\System32\combase.dll
0x00007ffe2d230000 - 0x00007ffe2d2b0000 	C:\WINDOWS\System32\bcryptPrimitives.dll
0x00007ffe2e920000 - 0x00007ffe2e94e000 	C:\WINDOWS\System32\IMM32.DLL
0x000000006f750000 - 0x000000006f822000 	C:\Program Files\Java\jre1.8.0_221\bin\msvcr100.dll
0x0000000070d00000 - 0x00000000715a5000 	C:\Program Files\Java\jre1.8.0_221\bin\server\jvm.dll
0x00007ffe2d430000 - 0x00007ffe2d438000 	C:\WINDOWS\System32\PSAPI.DLL
0x00007ffe296e0000 - 0x00007ffe29704000 	C:\WINDOWS\SYSTEM32\WINMM.dll
0x00007ffe1ffe0000 - 0x00007ffe1ffea000 	C:\WINDOWS\SYSTEM32\VERSION.dll
0x00007ffdf3600000 - 0x00007ffdf3609000 	C:\WINDOWS\SYSTEM32\WSOCK32.dll
0x00007ffe296b0000 - 0x00007ffe296dd000 	C:\WINDOWS\SYSTEM32\winmmbase.dll
0x0000000002740000 - 0x00000000027af000 	C:\WINDOWS\System32\ws2_32.DLL
0x00007ffe2c5c0000 - 0x00007ffe2c60a000 	C:\WINDOWS\System32\cfgmgr32.dll
0x00007ffe13590000 - 0x00007ffe1359f000 	C:\Program Files\Java\jre1.8.0_221\bin\verify.dll
0x00007ffdeaa70000 - 0x00007ffdeaa99000 	C:\Program Files\Java\jre1.8.0_221\bin\java.dll
0x00007ffe22200000 - 0x00007ffe22235000 	C:\Program Files\Java\jre1.8.0_221\bin\jdwp.dll
0x00007ffe24a60000 - 0x00007ffe24a68000 	C:\Program Files\Java\jre1.8.0_221\bin\npt.dll
0x00007ffe24910000 - 0x00007ffe24933000 	C:\Program Files\Java\jre1.8.0_221\bin\instrument.dll
0x00007ffdf0bf0000 - 0x00007ffdf0c06000 	C:\Program Files\Java\jre1.8.0_221\bin\zip.dll
0x00007ffe2dd40000 - 0x00007ffe2e424000 	C:\WINDOWS\System32\SHELL32.dll
0x00007ffe2db20000 - 0x00007ffe2dbc9000 	C:\WINDOWS\System32\shcore.dll
0x00007ffe2c8f0000 - 0x00007ffe2d06e000 	C:\WINDOWS\System32\windows.storage.dll
0x00007ffe2c1d0000 - 0x00007ffe2c1f3000 	C:\WINDOWS\System32\profapi.dll
0x00007ffe2c200000 - 0x00007ffe2c24a000 	C:\WINDOWS\System32\powrprof.dll
0x00007ffe2c1c0000 - 0x00007ffe2c1d0000 	C:\WINDOWS\System32\UMPDC.dll
0x00007ffe2ead0000 - 0x00007ffe2eb22000 	C:\WINDOWS\System32\shlwapi.dll
0x00007ffe2c250000 - 0x00007ffe2c261000 	C:\WINDOWS\System32\kernel.appcore.dll
0x00007ffe2d070000 - 0x00007ffe2d087000 	C:\WINDOWS\System32\cryptsp.dll
0x00007ffe24a10000 - 0x00007ffe24a19000 	C:\Program Files\Java\jre1.8.0_221\bin\dt_socket.dll
0x00007ffe12a40000 - 0x00007ffe12a56000 	C:\WINDOWS\system32\napinsp.dll
0x00007ffe12340000 - 0x00007ffe1235a000 	C:\WINDOWS\system32\pnrpnsp.dll
0x00007ffe2b980000 - 0x00007ffe2b9e7000 	C:\WINDOWS\System32\mswsock.dll
0x00007ffe2b6e0000 - 0x00007ffe2b7ab000 	C:\WINDOWS\SYSTEM32\DNSAPI.dll
0x00007ffe2d620000 - 0x00007ffe2d628000 	C:\WINDOWS\System32\NSI.dll
0x00007ffe2b6a0000 - 0x00007ffe2b6da000 	C:\WINDOWS\SYSTEM32\IPHLPAPI.DLL
0x00007ffe14c00000 - 0x00007ffe14c0e000 	C:\WINDOWS\System32\winrnr.dll
0x00007ffe24a70000 - 0x00007ffe24a8c000 	C:\WINDOWS\system32\NLAapi.dll
0x00007ffe12320000 - 0x00007ffe12335000 	C:\WINDOWS\system32\wshbth.dll
0x00007ffe1fea0000 - 0x00007ffe1ff17000 	C:\WINDOWS\System32\fwpuclnt.dll
0x00007ffe2c490000 - 0x00007ffe2c4b6000 	C:\WINDOWS\System32\bcrypt.dll
0x00007ffe1f4c0000 - 0x00007ffe1f4ca000 	C:\Windows\System32\rasadhlp.dll
0x00007ffde6420000 - 0x00007ffde643a000 	C:\Program Files\Java\jre1.8.0_221\bin\net.dll
0x00007ffe19760000 - 0x00007ffe19936000 	C:\WINDOWS\SYSTEM32\urlmon.dll
0x00007ffe19a60000 - 0x00007ffe19d06000 	C:\WINDOWS\SYSTEM32\iertutil.dll
0x00007ffe2bb00000 - 0x00007ffe2bb0c000 	C:\WINDOWS\SYSTEM32\CRYPTBASE.DLL
0x00007ffe21420000 - 0x00007ffe21436000 	C:\WINDOWS\SYSTEM32\dhcpcsvc6.DLL
0x00007ffe20c30000 - 0x00007ffe20c4c000 	C:\WINDOWS\SYSTEM32\dhcpcsvc.DLL
0x00007ffe132d0000 - 0x00007ffe132dd000 	C:\Program Files\Java\jre1.8.0_221\bin\management.dll
0x00007ffde5f20000 - 0x00007ffde5f32000 	C:\Program Files\Java\jre1.8.0_221\bin\nio.dll
0x00007ffe2b290000 - 0x00007ffe2b2c3000 	C:\WINDOWS\system32\rsaenh.dll
0x00007ffe2c0b0000 - 0x00007ffe2c0d5000 	C:\WINDOWS\SYSTEM32\USERENV.dll
0x00007ffde5a20000 - 0x00007ffde5a44000 	C:\Program Files\Java\jre1.8.0_221\bin\sunec.dll
0x00007ffe24cc0000 - 0x00007ffe24ccb000 	C:\Program Files\Java\jre1.8.0_221\bin\sunmscapi.dll
0x00007ffe2c340000 - 0x00007ffe2c489000 	C:\WINDOWS\System32\CRYPT32.dll
0x00007ffe2c270000 - 0x00007ffe2c282000 	C:\WINDOWS\System32\MSASN1.dll

VM Arguments:
jvm_args: -agentlib:jdwp=transport=dt_socket,suspend=y,address=localhost:60940 -javaagent:C:\Users\YongShengXie\eclipse\jee-2019-12\eclipse\configuration\org.eclipse.osgi\1251\0\.cp\lib\javaagent-shaded.jar -Dfile.encoding=UTF-8 
java_command: com.ibm.business.auth.OAuthApplication
java_class_path (initial): E:\IBM\2020 Full Stack\GitHub\2020FullStack\Milestones\Milestone 3\eMart\auth2-service\target\classes;C:\Users\YongShengXie\.m2\repository\org\springframework\boot\spring-boot-starter-web\1.5.9.RELEASE\spring-boot-starter-web-1.5.9.RELEASE.jar;C:\Users\YongShengXie\.m2\repository\org\springframework\boot\spring-boot-starter\1.5.9.RELEASE\spring-boot-starter-1.5.9.RELEASE.jar;C:\Users\YongShengXie\.m2\repository\org\springframework\boot\spring-boot\1.5.9.RELEASE\spring-boot-1.5.9.RELEASE.jar;C:\Users\YongShengXie\.m2\repository\org\springframework\boot\spring-boot-autoconfigure\1.5.9.RELEASE\spring-boot-autoconfigure-1.5.9.RELEASE.jar;C:\Users\YongShengXie\.m2\repository\org\springframework\boot\spring-boot-starter-logging\1.5.9.RELEASE\spring-boot-starter-logging-1.5.9.RELEASE.jar;C:\Users\YongShengXie\.m2\repository\ch\qos\logback\logback-classic\1.1.11\logback-classic-1.1.11.jar;C:\Users\YongShengXie\.m2\repository\ch\qos\logback\logback-core\1.1.11\logback-core-1.1.11.jar;C:\Users\YongShengXie\.m2\repository\org\slf4j\jul-to-slf4j\1.7.25\jul-to-slf4j-1.7.25.jar;C:\Users\YongShengXie\.m2\repository\org\slf4j\log4j-over-slf4j\1.7.25\log4j-over-slf4j-1.7.25.jar;C:\Users\YongShengXie\.m2\repository\org\yaml\snakeyaml\1.17\snakeyaml-1.17.jar;C:\Users\YongShengXie\.m2\repository\org\springframework\boot\spring-boot-starter-tomcat\1.5.9.RELEASE\spring-boot-starter-tomcat-1.5.9.RELEASE.jar;C:\Users\YongShengXie\.m2\repository\org\apache\tomcat\embed\tomcat-embed-core\8.5.23\tomcat-embed-core-8.5.23.jar;C:\Users\YongShengXie\.m2\repository\org\apache\tomcat\tomcat-annotations-api\8.5.23\tomcat-annotations-api-8.5.23.jar;C:\Users\YongShengXie\.m2\repository\org\apache\tomcat\embed\tomcat-embed-el\8.5.23\tomcat-embed-el-8.5.23.jar;C:\Users\YongShengXie\.m2\repository\org\apache\tomcat\embed\tomcat-embed-websocket\8.5.23\tomcat-embed-websocket-8.5.23.jar;C:\Users\YongShengXie\.m2\repository\org\hibernate\hibernate-validator\5.3.6.Final\hibernate-
Launcher Type: SUN_STANDARD

Environment Variables:
JAVA_HOME=C:\Program Files\Java\jdk1.8.0_221
CLASSPATH=.;C:\Program Files\Java\jdk1.8.0_221\lib;C:\Program Files\Java\jdk1.8.0_221\lib\tools.jar;E:\DB2\SQLLIB\java\db2java.zip;E:\DB2\SQLLIB\java\db2jcc4.jar;E:\DB2\SQLLIB\java\sqlj4.zip;E:\DB2\SQLLIB\java\db2jcc_license_cu.jar;E:\DB2\SQLLIB\bin;E:\DB2\SQLLIB\java\common.jar
PATH=C:/Program Files/Java/jre1.8.0_221/bin/server;C:/Program Files/Java/jre1.8.0_221/bin;C:/Program Files/Java/jre1.8.0_221/lib/amd64;C:\Program Files (x86)\Common Files\Oracle\Java\javapath;C:\Windows\system32;C:\Windows;C:\Windows\System32\Wbem;C:\Windows\System32\WindowsPowerShell\v1.0\;C:\Windows\System32\OpenSSH\;E:\flutter\bin;C:\Program Files\Java\jdk1.8.0_221\bin;C:\Program Files\Java\jdk1.8.0_221\jre\bin;C:\Program Files\Java\apache-maven-3.6.1\bin;C:\Program Files (x86)\EmEditor;C:\Program Files\Cloud Foundry;C:\Program Files\helm\windows-amd64;C:\Program Files\IBM\Cloud\bin;C:\WINDOWS\system32;C:\WINDOWS;C:\WINDOWS\System32\Wbem;C:\WINDOWS\System32\WindowsPowerShell\v1.0\;C:\WINDOWS\System32\OpenSSH\;C:\Program Files\Git\cmd;C:\Program Files\Intel\WiFi\bin\;C:\Program Files\Common Files\Intel\WirelessCommon\;C:\Program Files\ibm\gsk8\lib64;C:\Program Files (x86)\ibm\gsk8\lib;E:\DB2\SQLLIB\BIN;E:\DB2\SQLLIB\FUNCTION;E:\DB2\SQLLIB\SAMPLES\REPL;C:\Program Files\nodejs\;C:\Program Files\Docker\Docker\resources\bin;C:\ProgramData\DockerDesktop\version-bin;C:\Program Files\IBM\gsk8\lib64;E:\SimpleHands\curl-7.69.1-win64-mingw\bin;C:\Users\YongShengXie\AppData\Local\Microsoft\WindowsApps;C:\Users\YongShengXie\AppData\Local\GitHubDesktop\bin;C:\Users\YongShengXie\AppData\Local\BypassRuntm;C:\Users\YongShengXie\AppData\Local\Microsoft\WindowsApps;C:\Users\YongShengXie\AppData\Local\Box\Box Edit\;C:\Users\YongShengXie\AppData\Roaming\npm;E:\InstallSpace\Microsoft VS Code\bin;C:\Users\YongShengXie\Desktop;
USERNAME=YongShengXie
OS=Windows_NT
PROCESSOR_IDENTIFIER=Intel64 Family 6 Model 142 Stepping 10, GenuineIntel



---------------  S Y S T E M  ---------------

OS: Windows 10.0 , 64 bit Build 18362 (10.0.18362.778)

CPU:total 8 (initial active 8) (4 cores per cpu, 2 threads per core) family 6 model 142 stepping 10, cmov, cx8, fxsr, mmx, sse, sse2, sse3, ssse3, sse4.1, sse4.2, popcnt, avx, avx2, aes, clmul, erms, rtm, 3dnowpref, lzcnt, ht, tsc, tscinvbit, bmi1, bmi2, adx

Memory: 4k page, physical 8219108k(193312k free), swap 26205792k(4536k free)

vm_info: Java HotSpot(TM) 64-Bit Server VM (25.221-b11) for windows-amd64 JRE (1.8.0_221-b11), built on Jul  4 2019 04:39:29 by "java_re" with MS VC++ 10.0 (VS2010)

time: Tue May 26 15:21:33 2020
timezone: China Standard Time
elapsed time: 18 seconds (0d 0h 0m 18s)

